<?xml version="1.0" encoding="utf-8"?>
<TestRun id="2ed12a72-962e-465c-8e0f-a6fc296671c1" name="moudr@DESKTOP-AJ0M241 2022-09-02 18:53:01" runUser="DESKTOP-AJ0M241\moudr" xmlns="http://microsoft.com/schemas/VisualStudio/TeamTest/2010">
  <Times creation="2022-09-02T18:53:01.6929969+02:00" queuing="2022-09-02T18:53:01.6929971+02:00" start="2022-09-02T18:52:53.6709621+02:00" finish="2022-09-02T18:53:01.7031905+02:00" />
  <TestSettings name="default" id="45e55b07-47e9-4fe4-92e7-cef8136c27c6">
    <Deployment runDeploymentRoot="moudr_DESKTOP-AJ0M241_2022-09-02_18_53_01" />
  </TestSettings>
  <Results>
    <UnitTestResult executionId="c455c71b-c54b-4e20-892f-f76ab1d745a7" testId="4b1b1ece-cd26-831f-3ee1-c7390adcddf1" testName="ValidationTests.Register command validation" computerName="DESKTOP-AJ0M241" duration="00:00:00.0505021" startTime="2022-09-02T18:53:01.5922317+02:00" endTime="2022-09-02T18:53:01.5922682+02:00" testType="13cdc9d9-ddb5-4fa4-a97d-d965ccfc6d4b" outcome="Passed" testListId="8c84fa94-04c1-424b-9868-57a2d4851a1d" relativeResultsDirectory="c455c71b-c54b-4e20-892f-f76ab1d745a7" />
  </Results>
  <TestDefinitions>
    <UnitTest name="ValidationTests.Register command validation" storage="c:\users\moudr\source\repos\identity-microservice-example\unittests\bin\debug\net6.0\unittests.dll" id="4b1b1ece-cd26-831f-3ee1-c7390adcddf1">
      <Execution id="c455c71b-c54b-4e20-892f-f76ab1d745a7" />
      <TestMethod codeBase="c:\Users\moudr\source\repos\identity-microservice-example\UnitTests\bin\Debug\net6.0\UnitTests.dll" adapterTypeName="executor://xunit/VsTestRunner2/netcoreapp" className="ValidationTests" name="Register command validation" />
    </UnitTest>
  </TestDefinitions>
  <TestEntries>
    <TestEntry testId="4b1b1ece-cd26-831f-3ee1-c7390adcddf1" executionId="c455c71b-c54b-4e20-892f-f76ab1d745a7" testListId="8c84fa94-04c1-424b-9868-57a2d4851a1d" />
  </TestEntries>
  <TestLists>
    <TestList name="Výsledky neuvedené v seznamu" id="8c84fa94-04c1-424b-9868-57a2d4851a1d" />
    <TestList name="Všechny načtené výsledky" id="19431567-8539-422a-85d7-44ee4e166bda" />
  </TestLists>
  <ResultSummary outcome="Completed">
    <Counters total="1" executed="1" passed="1" failed="0" error="0" timeout="0" aborted="0" inconclusive="0" passedButRunAborted="0" notRunnable="0" notExecuted="0" disconnected="0" warning="0" completed="0" inProgress="0" pending="0" />
    <Output>
      <StdOut>[xUnit.net 00:00:00.00] xUnit.net VSTest Adapter v2.4.3+1b45f5407b (64-bit .NET 6.0.8)&#xD;
[xUnit.net 00:00:05.79]   Discovering: UnitTests&#xD;
[xUnit.net 00:00:05.83]   Discovered:  UnitTests&#xD;
[xUnit.net 00:00:05.84]   Starting:    UnitTests&#xD;
[xUnit.net 00:00:05.96]   Finished:    UnitTests&#xD;
</StdOut>
    </Output>
  </ResultSummary>
</TestRun>